"Signed transaction with txID: KWTF77YVHSE53H5BIGCYPJ3J3ZYHG7EK4NKAKKBTTGMRCGOXB5KA\nCreated new app-id: 16779137":
    application-index: 16779137
    confirmed-round: 14841340
    pool-error: ""
    txn:
        sig:
            - 145
            - 173
            - 189
            - 77
            - 189
            - 37
            - 170
            - 180
            - 225
            - 205
            - 77
            - 86
            - 77
            - 213
            - 15
            - 206
            - 36
            - 178
            - 82
            - 180
            - 22
            - 145
            - 214
            - 205
            - 77
            - 151
            - 104
            - 132
            - 95
            - 234
            - 93
            - 147
            - 120
            - 240
            - 252
            - 61
            - 32
            - 56
            - 150
            - 31
            - 163
            - 61
            - 20
            - 187
            - 19
            - 35
            - 243
            - 8
            - 80
            - 212
            - 175
            - 203
            - 50
            - 146
            - 212
            - 13
            - 71
            - 79
            - 100
            - 18
            - 71
            - 41
            - 39
            - 9
        txn:
            apap:
                - 2
                - 32
                - 2
                - 0
                - 1
                - 38
                - 2
                - 6
                - 99
                - 114
                - 101
                - 97
                - 116
                - 101
                - 10
                - 112
                - 114
                - 105
                - 99
                - 101
                - 83
                - 116
                - 97
                - 116
                - 101
                - 49
                - 24
                - 34
                - 18
                - 64
                - 0
                - 34
                - 49
                - 25
                - 35
                - 18
                - 64
                - 0
                - 27
                - 49
                - 25
                - 34
                - 18
                - 64
                - 0
                - 1
                - 0
                - 54
                - 26
                - 0
                - 40
                - 18
                - 64
                - 0
                - 2
                - 34
                - 67
                - 34
                - 41
                - 54
                - 26
                - 1
                - 23
                - 102
                - 35
                - 67
                - 35
                - 67
            apls:
                nui: 1
            apsu:
                - 2
                - 32
                - 1
                - 1
                - 34
                - 67
            fee: 300000
            fv: 14841338
            gen: testnet-v1.0
            gh:
                - 72
                - 99
                - 181
                - 24
                - 164
                - 179
                - 200
                - 78
                - 200
                - 16
                - 242
                - 45
                - 79
                - 16
                - 129
                - 203
                - 15
                - 113
                - 240
                - 89
                - 167
                - 172
                - 32
                - 222
                - 198
                - 47
                - 127
                - 112
                - 229
                - 9
                - 58
                - 34
            lv: 14842338
            snd:
                - 164
                - 71
                - 224
                - 64
                - 151
                - 39
                - 5
                - 173
                - 99
                - 133
                - 5
                - 1
                - 203
                - 160
                - 54
                - 2
                - 142
                - 184
                - 225
                - 81
                - 162
                - 73
                - 93
                - 43
                - 59
                - 37
                - 105
                - 39
                - 155
                - 148
                - 150
                - 26
            type: appl
